This file contains any messages produced by compilers while
running configure, to aid debugging if configure makes a mistake.

It was created by psdoom configure 2012.02.05-1.6.0, which was
generated by GNU Autoconf 2.69.  Invocation command line was

  $ ./configure --no-create --no-recursion

## --------- ##
## Platform. ##
## --------- ##

hostname = leo-ThinkPad-T430s
uname -m = x86_64
uname -r = 4.4.0-31-generic
uname -s = Linux
uname -v = #50-Ubuntu SMP Wed Jul 13 00:07:12 UTC 2016

/usr/bin/uname -p = unknown
/bin/uname -X     = unknown

/bin/arch              = unknown
/usr/bin/arch -k       = unknown
/usr/convex/getsysinfo = unknown
/usr/bin/hostinfo      = unknown
/bin/machine           = unknown
/usr/bin/oslevel       = unknown
/bin/universe          = unknown

PATH: /opt/OpenPrinting-Gutenprint/sbin
PATH: /opt/OpenPrinting-Gutenprint/bin
PATH: /usr/local/sbin
PATH: /usr/local/bin
PATH: /usr/sbin
PATH: /usr/bin
PATH: /sbin
PATH: /bin
PATH: /usr/games
PATH: /usr/local/games
PATH: /snap/bin
PATH: /usr/local/go/bin


## ----------- ##
## Core tests. ##
## ----------- ##

configure:2266: checking for gcc
configure:2282: found /usr/bin/gcc
configure:2293: result: gcc
configure:2522: checking for C compiler version
configure:2531: gcc --version >&5
gcc (Ubuntu 5.4.0-6ubuntu1~16.04.1) 5.4.0 20160609
Copyright (C) 2015 Free Software Foundation, Inc.
This is free software; see the source for copying conditions.  There is NO
warranty; not even for MERCHANTABILITY or FITNESS FOR A PARTICULAR PURPOSE.

configure:2542: $? = 0
configure:2531: gcc -v >&5
Using built-in specs.
COLLECT_GCC=gcc
COLLECT_LTO_WRAPPER=/usr/lib/gcc/x86_64-linux-gnu/5/lto-wrapper
Target: x86_64-linux-gnu
Configured with: ../src/configure -v --with-pkgversion='Ubuntu 5.4.0-6ubuntu1~16.04.1' --with-bugurl=file:///usr/share/doc/gcc-5/README.Bugs --enable-languages=c,ada,c++,java,go,d,fortran,objc,obj-c++ --prefix=/usr --program-suffix=-5 --enable-shared --enable-linker-build-id --libexecdir=/usr/lib --without-included-gettext --enable-threads=posix --libdir=/usr/lib --enable-nls --with-sysroot=/ --enable-clocale=gnu --enable-libstdcxx-debug --enable-libstdcxx-time=yes --with-default-libstdcxx-abi=new --enable-gnu-unique-object --disable-vtable-verify --enable-libmpx --enable-plugin --with-system-zlib --disable-browser-plugin --enable-java-awt=gtk --enable-gtk-cairo --with-java-home=/usr/lib/jvm/java-1.5.0-gcj-5-amd64/jre --enable-java-home --with-jvm-root-dir=/usr/lib/jvm/java-1.5.0-gcj-5-amd64 --with-jvm-jar-dir=/usr/lib/jvm-exports/java-1.5.0-gcj-5-amd64 --with-arch-directory=amd64 --with-ecj-jar=/usr/share/java/eclipse-ecj.jar --enable-objc-gc --enable-multiarch --disable-werror --with-arch-32=i686 --with-abi=m64 --with-multilib-list=m32,m64,mx32 --enable-multilib --with-tune=generic --enable-checking=release --build=x86_64-linux-gnu --host=x86_64-linux-gnu --target=x86_64-linux-gnu
Thread model: posix
gcc version 5.4.0 20160609 (Ubuntu 5.4.0-6ubuntu1~16.04.1) 
configure:2542: $? = 0
configure:2531: gcc -V >&5
gcc: error: unrecognized command line option '-V'
gcc: fatal error: no input files
compilation terminated.
configure:2542: $? = 1
configure:2531: gcc -qversion >&5
gcc: error: unrecognized command line option '-qversion'
gcc: fatal error: no input files
compilation terminated.
configure:2542: $? = 1
configure:2562: checking whether the C compiler works
configure:2584: gcc    conftest.c  >&5
configure:2588: $? = 0
configure:2636: result: yes
configure:2639: checking for C compiler default output file name
configure:2641: result: a.out
configure:2647: checking for suffix of executables
configure:2654: gcc -o conftest    conftest.c  >&5
configure:2658: $? = 0
configure:2680: result: 
configure:2702: checking whether we are cross compiling
configure:2710: gcc -o conftest    conftest.c  >&5
configure:2714: $? = 0
configure:2721: ./conftest
configure:2725: $? = 0
configure:2740: result: no
configure:2745: checking for suffix of object files
configure:2767: gcc -c   conftest.c >&5
configure:2771: $? = 0
configure:2792: result: o
configure:2796: checking whether we are using the GNU C compiler
configure:2815: gcc -c   conftest.c >&5
configure:2815: $? = 0
configure:2824: result: yes
configure:2833: checking whether gcc accepts -g
configure:2853: gcc -c -g  conftest.c >&5
configure:2853: $? = 0
configure:2894: result: yes
configure:2911: checking for gcc option to accept ISO C89
configure:2974: gcc  -c -g -O2  conftest.c >&5
configure:2974: $? = 0
configure:2987: result: none needed
configure:3050: checking for ranlib
configure:3066: found /usr/bin/ranlib
configure:3077: result: ranlib
configure:3101: checking for python
configure:3117: found /usr/bin/python
configure:3129: result: true
configure:3201: checking for sdl-config
configure:3219: found /usr/bin/sdl-config
configure:3232: result: /usr/bin/sdl-config
configure:3242: checking for SDL - version >= 1.1.3
configure:3329: gcc -o conftest -O2 -g -Wall  -I/usr/include/SDL -D_GNU_SOURCE=1 -D_REENTRANT   conftest.c  -L/usr/lib/x86_64-linux-gnu -lSDL >&5
configure:3329: $? = 0
configure:3329: ./conftest
configure:3329: $? = 0
configure:3344: result: yes
configure:3436: checking how to run the C preprocessor
configure:3467: gcc -E  conftest.c
configure:3467: $? = 0
configure:3481: gcc -E  conftest.c
conftest.c:9:28: fatal error: ac_nonexistent.h: No such file or directory
compilation terminated.
configure:3481: $? = 1
configure: failed program was:
| /* confdefs.h */
| #define PACKAGE_NAME "psdoom"
| #define PACKAGE_TARNAME "psdoom"
| #define PACKAGE_VERSION "2012.02.05-1.6.0"
| #define PACKAGE_STRING "psdoom 2012.02.05-1.6.0"
| #define PACKAGE_BUGREPORT "orsonteodoro@yahoo.com"
| #define PACKAGE_URL ""
| /* end confdefs.h.  */
| #include <ac_nonexistent.h>
configure:3506: result: gcc -E
configure:3526: gcc -E  conftest.c
configure:3526: $? = 0
configure:3540: gcc -E  conftest.c
conftest.c:9:28: fatal error: ac_nonexistent.h: No such file or directory
compilation terminated.
configure:3540: $? = 1
configure: failed program was:
| /* confdefs.h */
| #define PACKAGE_NAME "psdoom"
| #define PACKAGE_TARNAME "psdoom"
| #define PACKAGE_VERSION "2012.02.05-1.6.0"
| #define PACKAGE_STRING "psdoom 2012.02.05-1.6.0"
| #define PACKAGE_BUGREPORT "orsonteodoro@yahoo.com"
| #define PACKAGE_URL ""
| /* end confdefs.h.  */
| #include <ac_nonexistent.h>
configure:3569: checking for grep that handles long lines and -e
configure:3627: result: /bin/grep
configure:3632: checking for egrep
configure:3694: result: /bin/grep -E
configure:3699: checking for ANSI C header files
configure:3719: gcc -c -O2 -g -Wall  -I/usr/include/SDL -D_GNU_SOURCE=1 -D_REENTRANT  conftest.c >&5
configure:3719: $? = 0
configure:3792: gcc -o conftest -O2 -g -Wall  -I/usr/include/SDL -D_GNU_SOURCE=1 -D_REENTRANT   -L/usr/lib/x86_64-linux-gnu -lSDL conftest.c  >&5
configure:3792: $? = 0
configure:3792: ./conftest
configure:3792: $? = 0
configure:3803: result: yes
configure:3816: checking for sys/types.h
configure:3816: gcc -c -O2 -g -Wall  -I/usr/include/SDL -D_GNU_SOURCE=1 -D_REENTRANT  conftest.c >&5
configure:3816: $? = 0
configure:3816: result: yes
configure:3816: checking for sys/stat.h
configure:3816: gcc -c -O2 -g -Wall  -I/usr/include/SDL -D_GNU_SOURCE=1 -D_REENTRANT  conftest.c >&5
configure:3816: $? = 0
configure:3816: result: yes
configure:3816: checking for stdlib.h
configure:3816: gcc -c -O2 -g -Wall  -I/usr/include/SDL -D_GNU_SOURCE=1 -D_REENTRANT  conftest.c >&5
configure:3816: $? = 0
configure:3816: result: yes
configure:3816: checking for string.h
configure:3816: gcc -c -O2 -g -Wall  -I/usr/include/SDL -D_GNU_SOURCE=1 -D_REENTRANT  conftest.c >&5
configure:3816: $? = 0
configure:3816: result: yes
configure:3816: checking for memory.h
configure:3816: gcc -c -O2 -g -Wall  -I/usr/include/SDL -D_GNU_SOURCE=1 -D_REENTRANT  conftest.c >&5
configure:3816: $? = 0
configure:3816: result: yes
configure:3816: checking for strings.h
configure:3816: gcc -c -O2 -g -Wall  -I/usr/include/SDL -D_GNU_SOURCE=1 -D_REENTRANT  conftest.c >&5
configure:3816: $? = 0
configure:3816: result: yes
configure:3816: checking for inttypes.h
configure:3816: gcc -c -O2 -g -Wall  -I/usr/include/SDL -D_GNU_SOURCE=1 -D_REENTRANT  conftest.c >&5
configure:3816: $? = 0
configure:3816: result: yes
configure:3816: checking for stdint.h
configure:3816: gcc -c -O2 -g -Wall  -I/usr/include/SDL -D_GNU_SOURCE=1 -D_REENTRANT  conftest.c >&5
configure:3816: $? = 0
configure:3816: result: yes
configure:3816: checking for unistd.h
configure:3816: gcc -c -O2 -g -Wall  -I/usr/include/SDL -D_GNU_SOURCE=1 -D_REENTRANT  conftest.c >&5
configure:3816: $? = 0
configure:3816: result: yes
configure:3843: gcc -o conftest -O2 -g -Wall  -I/usr/include/SDL -D_GNU_SOURCE=1 -D_REENTRANT   -L/usr/lib/x86_64-linux-gnu -lSDL conftest.c  >&5
configure:3843: $? = 0
configure:3868: gcc -o conftest -O2 -g -Wall  -I/usr/include/SDL -D_GNU_SOURCE=1 -D_REENTRANT   -L/usr/lib/x86_64-linux-gnu -lSDL conftest.c  >&5
configure:3868: $? = 0
configure:3885: checking for Mix_LoadMUS in -lSDL_mixer
configure:3910: gcc -o conftest -O2 -g -Wall  -I/usr/include/SDL -D_GNU_SOURCE=1 -D_REENTRANT   -L/usr/lib/x86_64-linux-gnu -lSDL conftest.c -lSDL_mixer   >&5
configure:3910: $? = 0
configure:3919: result: yes
configure:3935: checking for SDLNet_UDP_Send in -lSDL_net
configure:3960: gcc -o conftest -O2 -g -Wall  -I/usr/include/SDL -D_GNU_SOURCE=1 -D_REENTRANT   -L/usr/lib/x86_64-linux-gnu -lSDL conftest.c -lSDL_net   >&5
configure:3960: $? = 0
configure:3969: result: yes
configure:3985: checking for src_new in -lsamplerate
configure:4010: gcc -o conftest -O2 -g -Wall  -I/usr/include/SDL -D_GNU_SOURCE=1 -D_REENTRANT   -L/usr/lib/x86_64-linux-gnu -lSDL conftest.c -lsamplerate   >&5
/usr/bin/ld: cannot find -lsamplerate
collect2: error: ld returned 1 exit status
configure:4010: $? = 1
configure: failed program was:
| /* confdefs.h */
| #define PACKAGE_NAME "psdoom"
| #define PACKAGE_TARNAME "psdoom"
| #define PACKAGE_VERSION "2012.02.05-1.6.0"
| #define PACKAGE_STRING "psdoom 2012.02.05-1.6.0"
| #define PACKAGE_BUGREPORT "orsonteodoro@yahoo.com"
| #define PACKAGE_URL ""
| #define STDC_HEADERS 1
| #define HAVE_SYS_TYPES_H 1
| #define HAVE_SYS_STAT_H 1
| #define HAVE_STDLIB_H 1
| #define HAVE_STRING_H 1
| #define HAVE_MEMORY_H 1
| #define HAVE_STRINGS_H 1
| #define HAVE_INTTYPES_H 1
| #define HAVE_STDINT_H 1
| #define HAVE_UNISTD_H 1
| /* end confdefs.h.  */
| 
| /* Override any GCC internal prototype to avoid an error.
|    Use char because int might match the return type of a GCC
|    builtin and then its argument prototype would still apply.  */
| #ifdef __cplusplus
| extern "C"
| #endif
| char src_new ();
| int
| main ()
| {
| return src_new ();
|   ;
|   return 0;
| }
configure:4019: result: no
configure:4030: checking for log in -lm
configure:4055: gcc -o conftest -O2 -g -Wall  -I/usr/include/SDL -D_GNU_SOURCE=1 -D_REENTRANT   -L/usr/lib/x86_64-linux-gnu -lSDL conftest.c -lm   >&5
conftest.c:26:6: warning: conflicting types for built-in function 'log'
 char log ();
      ^
configure:4055: $? = 0
configure:4064: result: yes
configure:4079: checking linux/kd.h usability
configure:4079: gcc -c -O2 -g -Wall  -I/usr/include/SDL -D_GNU_SOURCE=1 -D_REENTRANT  conftest.c >&5
configure:4079: $? = 0
configure:4079: result: yes
configure:4079: checking linux/kd.h presence
configure:4079: gcc -E  conftest.c
configure:4079: $? = 0
configure:4079: result: yes
configure:4079: checking for linux/kd.h
configure:4079: result: yes
configure:4079: checking dev/isa/spkrio.h usability
configure:4079: gcc -c -O2 -g -Wall  -I/usr/include/SDL -D_GNU_SOURCE=1 -D_REENTRANT  conftest.c >&5
conftest.c:54:28: fatal error: dev/isa/spkrio.h: No such file or directory
compilation terminated.
configure:4079: $? = 1
configure: failed program was:
| /* confdefs.h */
| #define PACKAGE_NAME "psdoom"
| #define PACKAGE_TARNAME "psdoom"
| #define PACKAGE_VERSION "2012.02.05-1.6.0"
| #define PACKAGE_STRING "psdoom 2012.02.05-1.6.0"
| #define PACKAGE_BUGREPORT "orsonteodoro@yahoo.com"
| #define PACKAGE_URL ""
| #define STDC_HEADERS 1
| #define HAVE_SYS_TYPES_H 1
| #define HAVE_SYS_STAT_H 1
| #define HAVE_STDLIB_H 1
| #define HAVE_STRING_H 1
| #define HAVE_MEMORY_H 1
| #define HAVE_STRINGS_H 1
| #define HAVE_INTTYPES_H 1
| #define HAVE_STDINT_H 1
| #define HAVE_UNISTD_H 1
| #define HAVE_LIBM 1
| #define HAVE_LINUX_KD_H 1
| /* end confdefs.h.  */
| #include <stdio.h>
| #ifdef HAVE_SYS_TYPES_H
| # include <sys/types.h>
| #endif
| #ifdef HAVE_SYS_STAT_H
| # include <sys/stat.h>
| #endif
| #ifdef STDC_HEADERS
| # include <stdlib.h>
| # include <stddef.h>
| #else
| # ifdef HAVE_STDLIB_H
| #  include <stdlib.h>
| # endif
| #endif
| #ifdef HAVE_STRING_H
| # if !defined STDC_HEADERS && defined HAVE_MEMORY_H
| #  include <memory.h>
| # endif
| # include <string.h>
| #endif
| #ifdef HAVE_STRINGS_H
| # include <strings.h>
| #endif
| #ifdef HAVE_INTTYPES_H
| # include <inttypes.h>
| #endif
| #ifdef HAVE_STDINT_H
| # include <stdint.h>
| #endif
| #ifdef HAVE_UNISTD_H
| # include <unistd.h>
| #endif
| #include <dev/isa/spkrio.h>
configure:4079: result: no
configure:4079: checking dev/isa/spkrio.h presence
configure:4079: gcc -E  conftest.c
conftest.c:21:28: fatal error: dev/isa/spkrio.h: No such file or directory
compilation terminated.
configure:4079: $? = 1
configure: failed program was:
| /* confdefs.h */
| #define PACKAGE_NAME "psdoom"
| #define PACKAGE_TARNAME "psdoom"
| #define PACKAGE_VERSION "2012.02.05-1.6.0"
| #define PACKAGE_STRING "psdoom 2012.02.05-1.6.0"
| #define PACKAGE_BUGREPORT "orsonteodoro@yahoo.com"
| #define PACKAGE_URL ""
| #define STDC_HEADERS 1
| #define HAVE_SYS_TYPES_H 1
| #define HAVE_SYS_STAT_H 1
| #define HAVE_STDLIB_H 1
| #define HAVE_STRING_H 1
| #define HAVE_MEMORY_H 1
| #define HAVE_STRINGS_H 1
| #define HAVE_INTTYPES_H 1
| #define HAVE_STDINT_H 1
| #define HAVE_UNISTD_H 1
| #define HAVE_LIBM 1
| #define HAVE_LINUX_KD_H 1
| /* end confdefs.h.  */
| #include <dev/isa/spkrio.h>
configure:4079: result: no
configure:4079: checking for dev/isa/spkrio.h
configure:4079: result: no
configure:4079: checking dev/speaker/speaker.h usability
configure:4079: gcc -c -O2 -g -Wall  -I/usr/include/SDL -D_GNU_SOURCE=1 -D_REENTRANT  conftest.c >&5
conftest.c:54:33: fatal error: dev/speaker/speaker.h: No such file or directory
compilation terminated.
configure:4079: $? = 1
configure: failed program was:
| /* confdefs.h */
| #define PACKAGE_NAME "psdoom"
| #define PACKAGE_TARNAME "psdoom"
| #define PACKAGE_VERSION "2012.02.05-1.6.0"
| #define PACKAGE_STRING "psdoom 2012.02.05-1.6.0"
| #define PACKAGE_BUGREPORT "orsonteodoro@yahoo.com"
| #define PACKAGE_URL ""
| #define STDC_HEADERS 1
| #define HAVE_SYS_TYPES_H 1
| #define HAVE_SYS_STAT_H 1
| #define HAVE_STDLIB_H 1
| #define HAVE_STRING_H 1
| #define HAVE_MEMORY_H 1
| #define HAVE_STRINGS_H 1
| #define HAVE_INTTYPES_H 1
| #define HAVE_STDINT_H 1
| #define HAVE_UNISTD_H 1
| #define HAVE_LIBM 1
| #define HAVE_LINUX_KD_H 1
| /* end confdefs.h.  */
| #include <stdio.h>
| #ifdef HAVE_SYS_TYPES_H
| # include <sys/types.h>
| #endif
| #ifdef HAVE_SYS_STAT_H
| # include <sys/stat.h>
| #endif
| #ifdef STDC_HEADERS
| # include <stdlib.h>
| # include <stddef.h>
| #else
| # ifdef HAVE_STDLIB_H
| #  include <stdlib.h>
| # endif
| #endif
| #ifdef HAVE_STRING_H
| # if !defined STDC_HEADERS && defined HAVE_MEMORY_H
| #  include <memory.h>
| # endif
| # include <string.h>
| #endif
| #ifdef HAVE_STRINGS_H
| # include <strings.h>
| #endif
| #ifdef HAVE_INTTYPES_H
| # include <inttypes.h>
| #endif
| #ifdef HAVE_STDINT_H
| # include <stdint.h>
| #endif
| #ifdef HAVE_UNISTD_H
| # include <unistd.h>
| #endif
| #include <dev/speaker/speaker.h>
configure:4079: result: no
configure:4079: checking dev/speaker/speaker.h presence
configure:4079: gcc -E  conftest.c
conftest.c:21:33: fatal error: dev/speaker/speaker.h: No such file or directory
compilation terminated.
configure:4079: $? = 1
configure: failed program was:
| /* confdefs.h */
| #define PACKAGE_NAME "psdoom"
| #define PACKAGE_TARNAME "psdoom"
| #define PACKAGE_VERSION "2012.02.05-1.6.0"
| #define PACKAGE_STRING "psdoom 2012.02.05-1.6.0"
| #define PACKAGE_BUGREPORT "orsonteodoro@yahoo.com"
| #define PACKAGE_URL ""
| #define STDC_HEADERS 1
| #define HAVE_SYS_TYPES_H 1
| #define HAVE_SYS_STAT_H 1
| #define HAVE_STDLIB_H 1
| #define HAVE_STRING_H 1
| #define HAVE_MEMORY_H 1
| #define HAVE_STRINGS_H 1
| #define HAVE_INTTYPES_H 1
| #define HAVE_STDINT_H 1
| #define HAVE_UNISTD_H 1
| #define HAVE_LIBM 1
| #define HAVE_LINUX_KD_H 1
| /* end confdefs.h.  */
| #include <dev/speaker/speaker.h>
configure:4079: result: no
configure:4079: checking for dev/speaker/speaker.h
configure:4079: result: no
configure:4092: checking for mmap
configure:4092: gcc -o conftest -O2 -g -Wall  -I/usr/include/SDL -D_GNU_SOURCE=1 -D_REENTRANT   -L/usr/lib/x86_64-linux-gnu -lSDL conftest.c -lm  >&5
configure:4092: $? = 0
configure:4092: result: yes
configure:4092: checking for sched_setaffinity
configure:4092: gcc -o conftest -O2 -g -Wall  -I/usr/include/SDL -D_GNU_SOURCE=1 -D_REENTRANT   -L/usr/lib/x86_64-linux-gnu -lSDL conftest.c -lm  >&5
configure:4092: $? = 0
configure:4092: result: yes
configure:4092: checking for ioperm
configure:4092: gcc -o conftest -O2 -g -Wall  -I/usr/include/SDL -D_GNU_SOURCE=1 -D_REENTRANT   -L/usr/lib/x86_64-linux-gnu -lSDL conftest.c -lm  >&5
configure:4092: $? = 0
configure:4092: result: yes
configure:4105: checking for i386_iopl in -li386
configure:4130: gcc -o conftest -O2 -g -Wall  -I/usr/include/SDL -D_GNU_SOURCE=1 -D_REENTRANT   -L/usr/lib/x86_64-linux-gnu -lSDL conftest.c -li386  -lm  >&5
/usr/bin/ld: cannot find -li386
collect2: error: ld returned 1 exit status
configure:4130: $? = 1
configure: failed program was:
| /* confdefs.h */
| #define PACKAGE_NAME "psdoom"
| #define PACKAGE_TARNAME "psdoom"
| #define PACKAGE_VERSION "2012.02.05-1.6.0"
| #define PACKAGE_STRING "psdoom 2012.02.05-1.6.0"
| #define PACKAGE_BUGREPORT "orsonteodoro@yahoo.com"
| #define PACKAGE_URL ""
| #define STDC_HEADERS 1
| #define HAVE_SYS_TYPES_H 1
| #define HAVE_SYS_STAT_H 1
| #define HAVE_STDLIB_H 1
| #define HAVE_STRING_H 1
| #define HAVE_MEMORY_H 1
| #define HAVE_STRINGS_H 1
| #define HAVE_INTTYPES_H 1
| #define HAVE_STDINT_H 1
| #define HAVE_UNISTD_H 1
| #define HAVE_LIBM 1
| #define HAVE_LINUX_KD_H 1
| #define HAVE_MMAP 1
| #define HAVE_SCHED_SETAFFINITY 1
| #define HAVE_IOPERM 1
| /* end confdefs.h.  */
| 
| /* Override any GCC internal prototype to avoid an error.
|    Use char because int might match the return type of a GCC
|    builtin and then its argument prototype would still apply.  */
| #ifdef __cplusplus
| extern "C"
| #endif
| char i386_iopl ();
| int
| main ()
| {
| return i386_iopl ();
|   ;
|   return 0;
| }
configure:4139: result: no
configure:4150: checking for amd64_iopl in -lamd64
configure:4175: gcc -o conftest -O2 -g -Wall  -I/usr/include/SDL -D_GNU_SOURCE=1 -D_REENTRANT   -L/usr/lib/x86_64-linux-gnu -lSDL conftest.c -lamd64  -lm  >&5
/usr/bin/ld: cannot find -lamd64
collect2: error: ld returned 1 exit status
configure:4175: $? = 1
configure: failed program was:
| /* confdefs.h */
| #define PACKAGE_NAME "psdoom"
| #define PACKAGE_TARNAME "psdoom"
| #define PACKAGE_VERSION "2012.02.05-1.6.0"
| #define PACKAGE_STRING "psdoom 2012.02.05-1.6.0"
| #define PACKAGE_BUGREPORT "orsonteodoro@yahoo.com"
| #define PACKAGE_URL ""
| #define STDC_HEADERS 1
| #define HAVE_SYS_TYPES_H 1
| #define HAVE_SYS_STAT_H 1
| #define HAVE_STDLIB_H 1
| #define HAVE_STRING_H 1
| #define HAVE_MEMORY_H 1
| #define HAVE_STRINGS_H 1
| #define HAVE_INTTYPES_H 1
| #define HAVE_STDINT_H 1
| #define HAVE_UNISTD_H 1
| #define HAVE_LIBM 1
| #define HAVE_LINUX_KD_H 1
| #define HAVE_MMAP 1
| #define HAVE_SCHED_SETAFFINITY 1
| #define HAVE_IOPERM 1
| /* end confdefs.h.  */
| 
| /* Override any GCC internal prototype to avoid an error.
|    Use char because int might match the return type of a GCC
|    builtin and then its argument prototype would still apply.  */
| #ifdef __cplusplus
| extern "C"
| #endif
| char amd64_iopl ();
| int
| main ()
| {
| return amd64_iopl ();
|   ;
|   return 0;
| }
configure:4184: result: no
configure:4243: checking for windres
configure:4273: result: no
configure:4335: checking for strip
configure:4351: found /usr/bin/strip
configure:4362: result: strip
configure:4440: checking for a BSD-compatible install
configure:4508: result: /usr/bin/install -c
configure:4519: checking whether build environment is sane
configure:4569: result: yes
configure:4710: checking for a thread-safe mkdir -p
configure:4749: result: /bin/mkdir -p
configure:4762: checking for gawk
configure:4778: found /usr/bin/gawk
configure:4789: result: gawk
configure:4800: checking whether make sets $(MAKE)
configure:4822: result: yes
configure:4852: checking for style of include used by make
configure:4880: result: GNU
configure:4965: checking dependency style of gcc
configure:5075: result: gcc3
configure:5271: creating ./config.status

## ---------------- ##
## Cache variables. ##
## ---------------- ##

ac_cv_c_compiler_gnu=yes
ac_cv_env_CC_set=
ac_cv_env_CC_value=
ac_cv_env_CFLAGS_set=
ac_cv_env_CFLAGS_value=
ac_cv_env_CPPFLAGS_set=
ac_cv_env_CPPFLAGS_value=
ac_cv_env_CPP_set=
ac_cv_env_CPP_value=
ac_cv_env_LDFLAGS_set=
ac_cv_env_LDFLAGS_value=
ac_cv_env_LIBS_set=
ac_cv_env_LIBS_value=
ac_cv_env_build_alias_set=
ac_cv_env_build_alias_value=
ac_cv_env_host_alias_set=
ac_cv_env_host_alias_value=
ac_cv_env_target_alias_set=
ac_cv_env_target_alias_value=
ac_cv_func_ioperm=yes
ac_cv_func_mmap=yes
ac_cv_func_sched_setaffinity=yes
ac_cv_header_dev_isa_spkrio_h=no
ac_cv_header_dev_speaker_speaker_h=no
ac_cv_header_inttypes_h=yes
ac_cv_header_linux_kd_h=yes
ac_cv_header_memory_h=yes
ac_cv_header_stdc=yes
ac_cv_header_stdint_h=yes
ac_cv_header_stdlib_h=yes
ac_cv_header_string_h=yes
ac_cv_header_strings_h=yes
ac_cv_header_sys_stat_h=yes
ac_cv_header_sys_types_h=yes
ac_cv_header_unistd_h=yes
ac_cv_lib_SDL_mixer_Mix_LoadMUS=yes
ac_cv_lib_SDL_net_SDLNet_UDP_Send=yes
ac_cv_lib_amd64_amd64_iopl=no
ac_cv_lib_i386_i386_iopl=no
ac_cv_lib_m_log=yes
ac_cv_lib_samplerate_src_new=no
ac_cv_objext=o
ac_cv_path_EGREP='/bin/grep -E'
ac_cv_path_GREP=/bin/grep
ac_cv_path_SDL_CONFIG=/usr/bin/sdl-config
ac_cv_path_install='/usr/bin/install -c'
ac_cv_path_mkdir=/bin/mkdir
ac_cv_prog_AWK=gawk
ac_cv_prog_CPP='gcc -E'
ac_cv_prog_HAVE_PYTHON=true
ac_cv_prog_ac_ct_CC=gcc
ac_cv_prog_ac_ct_RANLIB=ranlib
ac_cv_prog_ac_ct_STRIP=strip
ac_cv_prog_cc_c89=
ac_cv_prog_cc_g=yes
ac_cv_prog_make_make_set=yes
am_cv_CC_dependencies_compiler_type=gcc3

## ----------------- ##
## Output variables. ##
## ----------------- ##

ACLOCAL='${SHELL} /home/leo/psdoom/psdoom-ng/trunk/autotools/missing --run aclocal-1.11'
AMDEPBACKSLASH='\'
AMDEP_FALSE='#'
AMDEP_TRUE=''
AMTAR='${SHELL} /home/leo/psdoom/psdoom-ng/trunk/autotools/missing --run tar'
AUTOCONF='${SHELL} /home/leo/psdoom/psdoom-ng/trunk/autotools/missing --run autoconf'
AUTOHEADER='${SHELL} /home/leo/psdoom/psdoom-ng/trunk/autotools/missing --run autoheader'
AUTOMAKE='${SHELL} /home/leo/psdoom/psdoom-ng/trunk/autotools/missing --run automake-1.11'
AWK='gawk'
CC='gcc'
CCDEPMODE='depmode=gcc3'
CFLAGS='-O2 -g -Wall  -I/usr/include/SDL -D_GNU_SOURCE=1 -D_REENTRANT'
CPP='gcc -E'
CPPFLAGS=''
CYGPATH_W='echo'
DEFS='-DHAVE_CONFIG_H'
DEPDIR='.deps'
ECHO_C=''
ECHO_N='-n'
ECHO_T=''
EGREP='/bin/grep -E'
EXEEXT=''
GREP='/bin/grep'
HAVE_PYTHON='true'
HAVE_PYTHON_FALSE='#'
HAVE_PYTHON_TRUE=''
HAVE_WINDRES_FALSE=''
HAVE_WINDRES_TRUE='#'
INSTALL_DATA='${INSTALL} -m 644'
INSTALL_PROGRAM='${INSTALL}'
INSTALL_SCRIPT='${INSTALL}'
INSTALL_STRIP_PROGRAM='$(install_sh) -c -s'
LDFLAGS=' -L/usr/lib/x86_64-linux-gnu -lSDL'
LIBOBJS=''
LIBS='-lm '
LTLIBOBJS=''
MAKEINFO='${SHELL} /home/leo/psdoom/psdoom-ng/trunk/autotools/missing --run makeinfo'
MKDIR_P='/bin/mkdir -p'
OBJEXT='o'
PACKAGE='psdoom'
PACKAGE_BUGREPORT='orsonteodoro@yahoo.com'
PACKAGE_COPYRIGHT='Copyright (C) 1993-2012'
PACKAGE_LICENSE='GNU General Public License, version 2'
PACKAGE_MAINTAINER='Orson Teodoro'
PACKAGE_NAME='psdoom'
PACKAGE_SHORTDESC='psdoom-ng source port - psDooM with Chocolate Doom'
PACKAGE_STRING='psdoom 2012.02.05-1.6.0'
PACKAGE_TARNAME='psdoom'
PACKAGE_URL='https://github.com/orsonteodoro/psdoom-ng/'
PACKAGE_VERSION='2012.02.05-1.6.0'
PATH_SEPARATOR=':'
PROGRAM_PREFIX='ps'
RANLIB='ranlib'
SDLMIXER_CFLAGS=''
SDLMIXER_LIBS=' -lSDL_mixer'
SDLNET_CFLAGS=''
SDLNET_LIBS=' -lSDL_net'
SDL_CFLAGS='-I/usr/include/SDL -D_GNU_SOURCE=1 -D_REENTRANT'
SDL_CONFIG='/usr/bin/sdl-config'
SDL_LIBS='-L/usr/lib/x86_64-linux-gnu -lSDL'
SET_MAKE=''
SHELL='/bin/bash'
STRIP='strip'
VERSION='2012.02.05-1.6.0'
WINDOWS_CE_FALSE=''
WINDOWS_CE_TRUE='#'
WINDOWS_RC_VERSION='2012, 02, 05-1, 6, 0, 0'
WINDRES=''
ac_aux_dir='autotools'
ac_ct_CC='gcc'
am__EXEEXT_FALSE=''
am__EXEEXT_TRUE='#'
am__fastdepCC_FALSE='#'
am__fastdepCC_TRUE=''
am__include='include'
am__isrc=''
am__leading_dot='.'
am__quote=''
am__tar='${AMTAR} chof - "$$tardir"'
am__untar='${AMTAR} xf -'
bindir='${exec_prefix}/bin'
build_alias=''
datadir='${datarootdir}'
datarootdir='${prefix}/share'
docdir='${datarootdir}/doc/${PACKAGE_TARNAME}'
dvidir='${docdir}'
exec_prefix='${prefix}'
host_alias=''
htmldir='${docdir}'
includedir='${prefix}/include'
infodir='${datarootdir}/info'
install_sh='${SHELL} /home/leo/psdoom/psdoom-ng/trunk/autotools/install-sh'
libdir='${exec_prefix}/lib'
libexecdir='${exec_prefix}/libexec'
localedir='${datarootdir}/locale'
localstatedir='${prefix}/var'
mandir='${datarootdir}/man'
mkdir_p='/bin/mkdir -p'
oldincludedir='/usr/include'
pdfdir='${docdir}'
prefix='/usr/local'
program_transform_name='s,x,x,'
psdir='${docdir}'
runstatedir='${localstatedir}/run'
sbindir='${exec_prefix}/sbin'
sharedstatedir='${prefix}/com'
sysconfdir='${prefix}/etc'
target_alias=''

## ----------- ##
## confdefs.h. ##
## ----------- ##

/* confdefs.h */
#define PACKAGE_NAME "psdoom"
#define PACKAGE_TARNAME "psdoom"
#define PACKAGE_VERSION "2012.02.05-1.6.0"
#define PACKAGE_STRING "psdoom 2012.02.05-1.6.0"
#define PACKAGE_BUGREPORT "orsonteodoro@yahoo.com"
#define PACKAGE_URL ""
#define STDC_HEADERS 1
#define HAVE_SYS_TYPES_H 1
#define HAVE_SYS_STAT_H 1
#define HAVE_STDLIB_H 1
#define HAVE_STRING_H 1
#define HAVE_MEMORY_H 1
#define HAVE_STRINGS_H 1
#define HAVE_INTTYPES_H 1
#define HAVE_STDINT_H 1
#define HAVE_UNISTD_H 1
#define HAVE_LIBM 1
#define HAVE_LINUX_KD_H 1
#define HAVE_MMAP 1
#define HAVE_SCHED_SETAFFINITY 1
#define HAVE_IOPERM 1
#define PACKAGE "psdoom"
#define VERSION "2012.02.05-1.6.0"
#define PROGRAM_PREFIX "ps"

configure: exit 0

## ---------------------- ##
## Running config.status. ##
## ---------------------- ##

This file was extended by psdoom config.status 2012.02.05-1.6.0, which was
generated by GNU Autoconf 2.69.  Invocation command line was

  CONFIG_FILES    = 
  CONFIG_HEADERS  = 
  CONFIG_LINKS    = 
  CONFIG_COMMANDS = 
  $ ./config.status 

on leo-ThinkPad-T430s

config.status:898: creating Makefile
config.status:898: creating rpm.spec
config.status:898: creating man/Makefile
config.status:898: creating opl/Makefile
config.status:898: creating opl/examples/Makefile
config.status:898: creating pcsound/Makefile
config.status:898: creating pkg/Makefile
config.status:898: creating pkg/config.make
config.status:898: creating pkg/osx/Info.plist
config.status:898: creating pkg/osx/Info-gnustep.plist
config.status:898: creating setup/Makefile
config.status:898: creating setup/setup.desktop
config.status:898: creating setup/setup-res.rc
config.status:898: creating setup/setup-manifest.xml
config.status:898: creating data/Makefile
config.status:898: creating src/Makefile
config.status:898: creating src/doom.desktop
config.status:898: creating src/doom-screensaver.desktop
config.status:898: creating src/resource.rc
config.status:898: creating textscreen/Makefile
config.status:898: creating textscreen/examples/Makefile
config.status:898: creating wince/Makefile
config.status:898: creating config.h
config.status:1044: config.h is unchanged
config.status:1092: executing depfiles commands

## ---------------------- ##
## Running config.status. ##
## ---------------------- ##

This file was extended by psdoom config.status 2012.02.05-1.6.0, which was
generated by GNU Autoconf 2.69.  Invocation command line was

  CONFIG_FILES    = 
  CONFIG_HEADERS  = 
  CONFIG_LINKS    = 
  CONFIG_COMMANDS = 
  $ ./config.status config.h

on leo-ThinkPad-T430s

config.status:898: creating config.h
config.status:1044: config.h is unchanged

## ---------------------- ##
## Running config.status. ##
## ---------------------- ##

This file was extended by psdoom config.status 2012.02.05-1.6.0, which was
generated by GNU Autoconf 2.69.  Invocation command line was

  CONFIG_FILES    = 
  CONFIG_HEADERS  = 
  CONFIG_LINKS    = 
  CONFIG_COMMANDS = 
  $ ./config.status 

on leo-ThinkPad-T430s

config.status:898: creating Makefile
config.status:898: creating rpm.spec
config.status:898: creating man/Makefile
config.status:898: creating opl/Makefile
config.status:898: creating opl/examples/Makefile
config.status:898: creating pcsound/Makefile
config.status:898: creating pkg/Makefile
config.status:898: creating pkg/config.make
config.status:898: creating pkg/osx/Info.plist
config.status:898: creating pkg/osx/Info-gnustep.plist
config.status:898: creating setup/Makefile
config.status:898: creating setup/setup.desktop
config.status:898: creating setup/setup-res.rc
config.status:898: creating setup/setup-manifest.xml
config.status:898: creating data/Makefile
config.status:898: creating src/Makefile
config.status:898: creating src/doom.desktop
config.status:898: creating src/doom-screensaver.desktop
config.status:898: creating src/resource.rc
config.status:898: creating textscreen/Makefile
config.status:898: creating textscreen/examples/Makefile
config.status:898: creating wince/Makefile
config.status:898: creating config.h
config.status:1044: config.h is unchanged
config.status:1092: executing depfiles commands
